./deploy.sh 
=== CSV Protocol Contract Deployment Script ===

Deployer address: 0x046A3BeF8df23416A59D9Dcfd38Cf02FBC764675
Deployer balance: 50000000000000000 ETH

=== Building contracts ===
Installing forge-std in /home/zorvan/Work/projects/csv-adapter/csv-contracts/ethereum/contracts/lib/forge-std (url: https://github.com/foundry-rs/forge-std, tag: None)
    Installed forge-std tag=v1.16.1@620536fa5277db4e3fd46772d5cbc1ea0696fb43
[⠊] Compiling...
[⠊] Compiling 2 files with Solc 0.8.20
[⠒] Solc 0.8.20 finished in 1.91s
Compiler run successful!

╭----------+------------------+-------------------+--------------------+---------------------╮
| Contract | Runtime Size (B) | Initcode Size (B) | Runtime Margin (B) | Initcode Margin (B) |
+============================================================================================+
| CSVLock  | 2,938            | 3,151             | 21,638             | 46,001              |
|----------+------------------+-------------------+--------------------+---------------------|
| CSVMint  | 3,091            | 3,303             | 21,485             | 45,849              |
╰----------+------------------+-------------------+--------------------+---------------------╯

warning[block-timestamp]: usage of `block.timestamp` in a comparison may be manipulated by validators
    ╭▸ src/CSVLock.sol:239:13
    │
239 │         if (block.timestamp < lock.timestamp + REFUND_TIMEOUT) {
    │             ━━━━━━━━━━━━━━━━━━━━━━━━━━━━━━━━━━━━━━━━━━━━━━━━━
    │
    ╰ help: https://book.getfoundry.sh/reference/forge/forge-lint#block-timestamp

warning[block-timestamp]: usage of `block.timestamp` in a comparison may be manipulated by validators
    ╭▸ src/CSVLock.sol:330:13
    │
330 │         if (block.timestamp < lock.timestamp + REFUND_TIMEOUT) return false;
    │             ━━━━━━━━━━━━━━━━━━━━━━━━━━━━━━━━━━━━━━━━━━━━━━━━━
    │
    ╰ help: https://book.getfoundry.sh/reference/forge/forge-lint#block-timestamp


=== Deploying contracts to Sepolia ===
[⠊] Compiling...
No files changed, compilation skipped
Script ran successfully.

== Return ==
lockAddr: address 0xac1E3Bd5FB767C6B6b23Ac19309FF3d1739D0fD2
mintAddr: address 0x70A035318c72C3dAa21F47Dd0f6A1C8633a05820

== Logs ==
  Deployer: 0x046A3BeF8df23416A59D9Dcfd38Cf02FBC764675
  Balance: 50000000000000000
  CSVMint deployed at: 0x70A035318c72C3dAa21F47Dd0f6A1C8633a05820
  CSVLock deployed at: 0xac1E3Bd5FB767C6B6b23Ac19309FF3d1739D0fD2
  CSVMint.lockContract updated to: 0xac1E3Bd5FB767C6B6b23Ac19309FF3d1739D0fD2
  
  === DEPLOYMENT SUMMARY ===
  CSVLock: 0xac1E3Bd5FB767C6B6b23Ac19309FF3d1739D0fD2
  CSVMint: 0x70A035318c72C3dAa21F47Dd0f6A1C8633a05820
  Network: Sepolia (chainId 11155111)
  Deployment verified: contracts are properly wired
  ==========================

## Setting up 1 EVM.

==========================

Chain 11155111

Estimated gas price: 0.001000044 gwei

Estimated total gas used for script: 1905005

Estimated amount required: 0.00000190508882022 ETH

==========================

##### sepolia
✅  [Success] Hash: 0x172af099cc4d0845f5e517ad0904a5c3760f7947bf6dcd5798aab616be0b6d6c
Contract: CSVMint
Function: setLockContract(address)
Block: 10854941
Paid: 0.000000044092970024 ETH (44092 gas * 0.001000022 gwei)


##### sepolia
✅  [Success] Hash: 0x207adfb8c99bbdf8622c6582e92b3a0b8ebaa9a01a06e0bc13caa89d482b2b1c
Contract: CSVLock
Contract Address: 0xac1E3Bd5FB767C6B6b23Ac19309FF3d1739D0fD2
Block: 10854941
Paid: 0.000000691527213264 ETH (691512 gas * 0.001000022 gwei)


##### sepolia
✅  [Success] Hash: 0xa0f2a5d8ac19d3ebcb23a9d8e376a900e2371d9e7afc232c5c22694ff6090625
Contract: CSVMint
Contract Address: 0x70A035318c72C3dAa21F47Dd0f6A1C8633a05820
Block: 10854941
Paid: 0.00000072704599466 ETH (727030 gas * 0.001000022 gwei)

✅ Sequence #1 on sepolia | Total Paid: 0.000001462666177948 ETH (1462634 gas * avg 0.001000022 gwei)
                                                                                                                                       

==========================

ONCHAIN EXECUTION COMPLETE & SUCCESSFUL.
##
Start verification for (2) contracts
Start verifying contract `0x70A035318c72C3dAa21F47Dd0f6A1C8633a05820` deployed on sepolia
EVM version: shanghai
Compiler version: 0.8.20
Optimizations:    200
Constructor args: 0000000000000000000000000000000000000000000000000000000000000000000000000000000000000000046a3bef8df23416a59d9dcfd38cf02fbc764675
ETHERSCAN_API_KEY is set, defaulting to Etherscan verifier. Unset it or pass `--verifier sourcify` (or another provider) to override.

Submitting verification for [src/CSVMint.sol:CSVMint] 0x70A035318c72C3dAa21F47Dd0f6A1C8633a05820.
Warning: Could not detect deployment: Unable to locate ContractCode at 0x70a035318c72c3daa21f47dd0f6a1c8633a05820; waiting 5 seconds before trying again (4 tries remaining)

Submitting verification for [src/CSVMint.sol:CSVMint] 0x70A035318c72C3dAa21F47Dd0f6A1C8633a05820.
Warning: Could not detect deployment: Unable to locate ContractCode at 0x70a035318c72c3daa21f47dd0f6a1c8633a05820; waiting 5 seconds before trying again (3 tries remaining)

Submitting verification for [src/CSVMint.sol:CSVMint] 0x70A035318c72C3dAa21F47Dd0f6A1C8633a05820.
Warning: Could not detect deployment: Unable to locate ContractCode at 0x70a035318c72c3daa21f47dd0f6a1c8633a05820; waiting 5 seconds before trying again (2 tries remaining)

Submitting verification for [src/CSVMint.sol:CSVMint] 0x70A035318c72C3dAa21F47Dd0f6A1C8633a05820.
Submitted contract for verification:
        Response: `OK`
        GUID: `hfkevlnsfnhz2jrgegte3fyakcttnjn6yzwixvnfy4zwfxlgcf`
        URL: https://sepolia.etherscan.io/address/0x70a035318c72c3daa21f47dd0f6a1c8633a05820
Contract verification status:
Response: `NOTOK`
Details: `Pending in queue`
Warning: Verification is still pending...; waiting 15 seconds before trying again (7 tries remaining)
Contract verification status:
Response: `OK`
Details: `Pass - Verified`
Contract successfully verified
Start verifying contract `0xac1E3Bd5FB767C6B6b23Ac19309FF3d1739D0fD2` deployed on sepolia
EVM version: shanghai
Compiler version: 0.8.20
Optimizations:    200
Constructor args: 00000000000000000000000070a035318c72c3daa21f47dd0f6a1c8633a05820
ETHERSCAN_API_KEY is set, defaulting to Etherscan verifier. Unset it or pass `--verifier sourcify` (or another provider) to override.

Submitting verification for [src/CSVLock.sol:CSVLock] 0xac1E3Bd5FB767C6B6b23Ac19309FF3d1739D0fD2.
Submitted contract for verification:
        Response: `OK`
        GUID: `vjsw5rthqgvwgwtfnxlyzz8n6eyqpl1tgqs7cc3javd4y8gea8`
        URL: https://sepolia.etherscan.io/address/0xac1e3bd5fb767c6b6b23ac19309ff3d1739d0fd2
Contract verification status:
Response: `NOTOK`
Details: `Pending in queue`
Warning: Verification is still pending...; waiting 15 seconds before trying again (7 tries remaining)
Contract verification status:
Response: `OK`
Details: `Pass - Verified`
Contract successfully verified
All (2) contracts were verified!

Transactions saved to: /home/zorvan/Work/projects/csv-adapter/csv-contracts/ethereum/contracts/broadcast/Deploy.s.sol/11155111/run-latest.json

Sensitive values saved to: /home/zorvan/Work/projects/csv-adapter/csv-contracts/ethereum/contracts/cache/Deploy.s.sol/11155111/run-latest.json

=== Extracting deployment information ===

CSVLock address: 0xac1e3bd5fb767c6b6b23ac19309ff3d1739d0fd2
CSVMint address: 0x70a035318c72c3daa21f47dd0f6a1c8633a05820
0x70a035318c72c3daa21f47dd0f6a1c8633a05820
Deployment TX: 0xa0f2a5d8ac19d3ebcb23a9d8e376a900e2371d9e7afc232c5c22694ff6090625
Block number: 0xa5a21d

=== Updating deployment manifest ===

CSVLock address: 0xac1e3bd5fb767c6b6b23ac19309ff3d1739d0fd2
CSVMint address: 0x70a035318c72c3daa21f47dd0f6a1c8633a05820
Deployment TX: 0xa0f2a5d8ac19d3ebcb23a9d8e376a900e2371d9e7afc232c5c22694ff6090625
Block number: 0xa5a21d

=== Deployment completed successfully! ===

Next steps:
1. Verify contracts on Etherscan: https://sepolia.etherscan.io/address/0xac1e3bd5fb767c6b6b23ac19309ff3d1739d0fd2
2. Verify contracts on Etherscan: https://sepolia.etherscan.io/address/0x70a035318c72c3daa21f47dd0f6a1c8633a05820
3. Update bytecode_hash in deployment-manifest.json
4. Set verifier address in CSVMint constructor args if needed
5. Mark contracts as verified in deployment-manifest.json
